Using pre-set license
Built from '2021.3/staging' branch; Version is '2021.3.20f1 (577897200b8b) revision 5732503'; Using compiler version '192829333'; Build Type 'Release'
OS: 'Windows 10  (10.0.19044) 64bit Professional' Language: 'ru' Physical Memory: 7514 MB
BatchMode: 1, IsHumanControllingUs: 0, StartBugReporterOnCrash: 0, Is64bit: 1, IsPro: 1

COMMAND LINE ARGUMENTS:
C:\Program Files\Unity\Hub\Editor\2021.3.20f1\Editor\Unity.exe
-adb2
-batchMode
-noUpm
-name
AssetImportWorker0
-projectPath
C:/Игра/gamedev/MySecondProject
-logFile
Logs/AssetImportWorker0.log
-srvPort
51984
Successfully changed project path to: C:/Игра/gamedev/MySecondProject
C:/Игра/gamedev/MySecondProject
[UnityMemory] Configuration Parameters - Can be set up in boot.config
    "memorysetup-bucket-allocator-granularity=16"
    "memorysetup-bucket-allocator-bucket-count=8"
    "memorysetup-bucket-allocator-block-size=33554432"
    "memorysetup-bucket-allocator-block-count=8"
    "memorysetup-main-allocator-block-size=16777216"
    "memorysetup-thread-allocator-block-size=16777216"
    "memorysetup-gfx-main-allocator-block-size=16777216"
    "memorysetup-gfx-thread-allocator-block-size=16777216"
    "memorysetup-cache-allocator-block-size=4194304"
    "memorysetup-typetree-allocator-block-size=2097152"
    "memorysetup-profiler-bucket-allocator-granularity=16"
    "memorysetup-profiler-bucket-allocator-bucket-count=8"
    "memorysetup-profiler-bucket-allocator-block-size=33554432"
    "memorysetup-profiler-bucket-allocator-block-count=8"
    "memorysetup-profiler-allocator-block-size=16777216"
    "memorysetup-profiler-editor-allocator-block-size=1048576"
    "memorysetup-temp-allocator-size-main=16777216"
    "memorysetup-job-temp-allocator-block-size=2097152"
    "memorysetup-job-temp-allocator-block-size-background=1048576"
    "memorysetup-job-temp-allocator-reduction-small-platforms=262144"
    "memorysetup-temp-allocator-size-background-worker=32768"
    "memorysetup-temp-allocator-size-job-worker=262144"
    "memorysetup-temp-allocator-size-preload-manager=33554432"
    "memorysetup-temp-allocator-size-nav-mesh-worker=65536"
    "memorysetup-temp-allocator-size-audio-worker=65536"
    "memorysetup-temp-allocator-size-cloud-worker=32768"
    "memorysetup-temp-allocator-size-gi-baking-worker=262144"
    "memorysetup-temp-allocator-size-gfx=262144"
Player connection [12364] Host "[IP] 192.168.1.101 [Port] 0 [Flags] 2 [Guid] 3277648022 [EditorId] 3277648022 [Version] 1048832 [Id] WindowsEditor(7,DESKTOP-LADN2N5) [Debug] 1 [PackageName] WindowsEditor [ProjectName] Editor" joined multi-casting on [225.0.0.222:54997]...

Player connection [12364] Host "[IP] 192.168.1.101 [Port] 0 [Flags] 2 [Guid] 3277648022 [EditorId] 3277648022 [Version] 1048832 [Id] WindowsEditor(7,DESKTOP-LADN2N5) [Debug] 1 [PackageName] WindowsEditor [ProjectName] Editor" joined alternative multi-casting on [225.0.0.222:34997]...

Refreshing native plugins compatible for Editor in 126.42 ms, found 8 plugins.
Preloading 0 native plugins for Editor in 0.00 ms.
Initialize engine version: 2021.3.20f1 (577897200b8b)
[Subsystems] Discovering subsystems at path C:/Program Files/Unity/Hub/Editor/2021.3.20f1/Editor/Data/Resources/UnitySubsystems
[Subsystems] Discovering subsystems at path C:/Игра/gamedev/MySecondProject/Assets
GfxDevice: creating device client; threaded=0; jobified=0
Direct3D:
    Version:  Direct3D 11.0 [level 11.1]
    Renderer: NVIDIA GeForce GTX 1650 (ID=0x1f9d)
    Vendor:   NVIDIA
    VRAM:     3962 MB
    Driver:   30.0.15.1295
Initialize mono
Mono path[0] = 'C:/Program Files/Unity/Hub/Editor/2021.3.20f1/Editor/Data/Managed'
Mono path[1] = 'C:/Program Files/Unity/Hub/Editor/2021.3.20f1/Editor/Data/MonoBleedingEdge/lib/mono/unityjit-win32'
Mono config path = 'C:/Program Files/Unity/Hub/Editor/2021.3.20f1/Editor/Data/MonoBleedingEdge/etc'
Using monoOptions --debugger-agent=transport=dt_socket,embedding=1,server=y,suspend=n,address=127.0.0.1:56496
Begin MonoManager ReloadAssembly
Registering precompiled unity dll's ...
Register platform support module: C:/Program Files/Unity/Hub/Editor/2021.3.20f1/Editor/Data/PlaybackEngines/WindowsStandaloneSupport/UnityEditor.WindowsStandalone.Extensions.dll
Registered in 0.010557 seconds.
Native extension for WindowsStandalone target not found
Refreshing native plugins compatible for Editor in 113.97 ms, found 8 plugins.
Preloading 0 native plugins for Editor in 0.00 ms.
Mono: successfully reloaded assembly
- Completed reload, in  0.707 seconds
Domain Reload Profiling:
	ReloadAssembly (708ms)
		BeginReloadAssembly (108ms)
			ExecutionOrderSort (0ms)
			DisableScriptedObjects (0ms)
			BackupInstance (0ms)
			ReleaseScriptingObjects (0ms)
			CreateAndSetChildDomain (1ms)
		EndReloadAssembly (491ms)
			LoadAssemblies (104ms)
			RebuildTransferFunctionScriptingTraits (0ms)
			SetupTypeCache (107ms)
			ReleaseScriptCaches (0ms)
			RebuildScriptCaches (28ms)
			SetupLoadedEditorAssemblies (305ms)
				LogAssemblyErrors (0ms)
				InitializePlatformSupportModulesInManaged (10ms)
				SetLoadedEditorAssemblies (0ms)
				RefreshPlugins (114ms)
				BeforeProcessingInitializeOnLoad (1ms)
				ProcessInitializeOnLoadAttributes (130ms)
				ProcessInitializeOnLoadMethodAttributes (50ms)
				AfterProcessingInitializeOnLoad (0ms)
				EditorAssembliesLoaded (0ms)
			ExecutionOrderSort2 (0ms)
			AwakeInstancesAfterBackupRestoration (0ms)
Platform modules already initialized, skipping
Registering precompiled user dll's ...
Registered in 0.008277 seconds.
Begin MonoManager ReloadAssembly
Symbol file LoadedFromMemory doesn't match image C:\Игра\gamedev\MySecondProject\Library\PackageCache\com.unity.visualscripting@1.8.0\Editor\VisualScripting.Core\Dependencies\YamlDotNet\Unity.VisualScripting.YamlDotNet.dll
Symbol file LoadedFromMemory doesn't match image C:\Игра\gamedev\MySecondProject\Library\PackageCache\com.unity.visualscripting@1.8.0\Editor\VisualScripting.Core\Dependencies\DotNetZip\Unity.VisualScripting.IonicZip.dll
Native extension for WindowsStandalone target not found
Refreshing native plugins compatible for Editor in 113.09 ms, found 8 plugins.
Preloading 0 native plugins for Editor in 0.00 ms.
Mono: successfully reloaded assembly
- Completed reload, in  1.397 seconds
Domain Reload Profiling:
	ReloadAssembly (1398ms)
		BeginReloadAssembly (136ms)
			ExecutionOrderSort (0ms)
			DisableScriptedObjects (5ms)
			BackupInstance (0ms)
			ReleaseScriptingObjects (0ms)
			CreateAndSetChildDomain (22ms)
		EndReloadAssembly (1131ms)
			LoadAssemblies (177ms)
			RebuildTransferFunctionScriptingTraits (0ms)
			SetupTypeCache (257ms)
			ReleaseScriptCaches (1ms)
			RebuildScriptCaches (70ms)
			SetupLoadedEditorAssemblies (597ms)
				LogAssemblyErrors (0ms)
				InitializePlatformSupportModulesInManaged (5ms)
				SetLoadedEditorAssemblies (0ms)
				RefreshPlugins (113ms)
				BeforeProcessingInitializeOnLoad (121ms)
				ProcessInitializeOnLoadAttributes (297ms)
				ProcessInitializeOnLoadMethodAttributes (51ms)
				AfterProcessingInitializeOnLoad (9ms)
				EditorAssembliesLoaded (0ms)
			ExecutionOrderSort2 (0ms)
			AwakeInstancesAfterBackupRestoration (6ms)
Platform modules already initialized, skipping
========================================================================
Worker process is ready to serve import requests
Launched and connected shader compiler UnityShaderCompiler.exe after 0.06 seconds
Refreshing native plugins compatible for Editor in 0.99 ms, found 8 plugins.
Preloading 0 native plugins for Editor in 0.00 ms.
Unloading 4515 Unused Serialized files (Serialized files now loaded: 0)
Unloading 66 unused Assets / (0.8 MB). Loaded Objects now: 4959.
Memory consumption went from 171.8 MB to 171.0 MB.
Total: 4.682800 ms (FindLiveObjects: 0.604400 ms CreateObjectMapping: 0.237900 ms MarkObjects: 2.966400 ms  DeleteObjects: 0.872100 ms)

AssetImportParameters requested are different than current active one (requested -> active):
  custom:video-decoder-ogg-theora: a1e56fd34408186e4bbccfd4996cb3dc -> 
  custom:container-muxer-webm: aa71ff27fc2769a1b78a27578f13a17b -> 
  custom:container-demuxer-webm: 4f35f7cbe854078d1ac9338744f61a02 -> 
  custom:video-encoder-webm-vp8: eb34c28f22e8b96e1ab97ce403110664 -> 
  custom:audio-encoder-webm-vorbis: bf7c407c2cedff20999df2af8eb42d56 -> 
  custom:framework-win-MediaFoundation: 216162199b28c13a410421893ffa2e32 -> 
  custom:container-demuxer-ogg: 62fdf1f143b41e24485cea50d1cbac27 -> 
  custom:video-decoder-webm-vp8: 9c59270c3fd7afecdb556c50c9e8de78 -> 
  custom:audio-decoder-ogg-vorbis: bf7c407c2cedff20999df2af8eb42d56 -> 
========================================================================
Received Import Request.
  Time since last request: 349607.596333 seconds.
  path: Assets/Scenes/Main Menu.unity
  artifactKey: Guid(86b59fa06aa43c6498a0e046edeefb69) Importer(815301076,1909f56bfc062723c751e8b465ee728b)
Start importing Assets/Scenes/Main Menu.unity using Guid(86b59fa06aa43c6498a0e046edeefb69) Importer(815301076,1909f56bfc062723c751e8b465ee728b)  -> (artifact id: '0ef5254fabd867ecc03d38e93719e523') in 0.017018 seconds 
========================================================================
Received Import Request.
  Time since last request: 127.624591 seconds.
  path: Assets/Menu textures and scripts
  artifactKey: Guid(1f8fcbb1417f1c84e900906f04e31eb8) Importer(815301076,1909f56bfc062723c751e8b465ee728b)
Start importing Assets/Menu textures and scripts using Guid(1f8fcbb1417f1c84e900906f04e31eb8) Importer(815301076,1909f56bfc062723c751e8b465ee728b)  -> (artifact id: '01fca0539a3df8a36b3e054411871cfd') in 0.008246 seconds 
========================================================================
Received Prepare
Registering precompiled user dll's ...
Registered in 0.007991 seconds.
Begin MonoManager ReloadAssembly
Symbol file LoadedFromMemory doesn't match image C:\Игра\gamedev\MySecondProject\Library\PackageCache\com.unity.visualscripting@1.8.0\Editor\VisualScripting.Core\Dependencies\YamlDotNet\Unity.VisualScripting.YamlDotNet.dll
Symbol file LoadedFromMemory doesn't match image C:\Игра\gamedev\MySecondProject\Library\PackageCache\com.unity.visualscripting@1.8.0\Editor\VisualScripting.Core\Dependencies\DotNetZip\Unity.VisualScripting.IonicZip.dll
Native extension for WindowsStandalone target not found
Refreshing native plugins compatible for Editor in 1.10 ms, found 8 plugins.
Preloading 0 native plugins for Editor in 0.00 ms.
Mono: successfully reloaded assembly
- Completed reload, in  1.116 seconds
Domain Reload Profiling:
	ReloadAssembly (1116ms)
		BeginReloadAssembly (187ms)
			ExecutionOrderSort (0ms)
			DisableScriptedObjects (9ms)
			BackupInstance (0ms)
			ReleaseScriptingObjects (0ms)
			CreateAndSetChildDomain (47ms)
		EndReloadAssembly (821ms)
			LoadAssemblies (121ms)
			RebuildTransferFunctionScriptingTraits (0ms)
			SetupTypeCache (255ms)
			ReleaseScriptCaches (2ms)
			RebuildScriptCaches (53ms)
			SetupLoadedEditorAssemblies (366ms)
				LogAssemblyErrors (0ms)
				InitializePlatformSupportModulesInManaged (7ms)
				SetLoadedEditorAssemblies (0ms)
				RefreshPlugins (1ms)
				BeforeProcessingInitializeOnLoad (85ms)
				ProcessInitializeOnLoadAttributes (224ms)
				ProcessInitializeOnLoadMethodAttributes (38ms)
				AfterProcessingInitializeOnLoad (9ms)
				EditorAssembliesLoaded (0ms)
			ExecutionOrderSort2 (0ms)
			AwakeInstancesAfterBackupRestoration (9ms)
Platform modules already initialized, skipping
Refreshing native plugins compatible for Editor in 5.40 ms, found 8 plugins.
Preloading 0 native plugins for Editor in 0.00 ms.
Unloading 4485 Unused Serialized files (Serialized files now loaded: 0)
Unloading 41 unused Assets / (0.8 MB). Loaded Objects now: 4975.
Memory consumption went from 168.6 MB to 167.8 MB.
Total: 4.693800 ms (FindLiveObjects: 0.618900 ms CreateObjectMapping: 0.227200 ms MarkObjects: 3.226900 ms  DeleteObjects: 0.619200 ms)

AssetImportParameters requested are different than current active one (requested -> active):
  custom:video-decoder-ogg-theora: a1e56fd34408186e4bbccfd4996cb3dc -> 
  custom:container-muxer-webm: aa71ff27fc2769a1b78a27578f13a17b -> 
  custom:container-demuxer-webm: 4f35f7cbe854078d1ac9338744f61a02 -> 
  custom:video-encoder-webm-vp8: eb34c28f22e8b96e1ab97ce403110664 -> 
  custom:audio-encoder-webm-vorbis: bf7c407c2cedff20999df2af8eb42d56 -> 
  custom:framework-win-MediaFoundation: 216162199b28c13a410421893ffa2e32 -> 
  custom:container-demuxer-ogg: 62fdf1f143b41e24485cea50d1cbac27 -> 
  custom:video-decoder-webm-vp8: 9c59270c3fd7afecdb556c50c9e8de78 -> 
  custom:audio-decoder-ogg-vorbis: bf7c407c2cedff20999df2af8eb42d56 -> 
========================================================================
Received Import Request.
  Time since last request: 14.759115 seconds.
  path: Assets/Menu textures and scripts/NewBehaviourScript.cs
  artifactKey: Guid(8b78109e895c1c343923945aa718c6ab) Importer(815301076,1909f56bfc062723c751e8b465ee728b)
Start importing Assets/Menu textures and scripts/NewBehaviourScript.cs using Guid(8b78109e895c1c343923945aa718c6ab) Importer(815301076,1909f56bfc062723c751e8b465ee728b)  -> (artifact id: '363756b030ad406e6699ef714834e3f6') in 0.046142 seconds 
========================================================================
Received Import Request.
  Time since last request: 7.557169 seconds.
  path: Assets/Menu textures and scripts/MainMenu.cs
  artifactKey: Guid(8b78109e895c1c343923945aa718c6ab) Importer(815301076,1909f56bfc062723c751e8b465ee728b)
Start importing Assets/Menu textures and scripts/MainMenu.cs using Guid(8b78109e895c1c343923945aa718c6ab) Importer(815301076,1909f56bfc062723c751e8b465ee728b)  -> (artifact id: '1cb929a39e4c22a034e6c91c5c6b532f') in 0.007891 seconds 
========================================================================
Received Prepare
Registering precompiled user dll's ...
Registered in 0.007329 seconds.
Begin MonoManager ReloadAssembly
Symbol file LoadedFromMemory doesn't match image C:\Игра\gamedev\MySecondProject\Library\PackageCache\com.unity.visualscripting@1.8.0\Editor\VisualScripting.Core\Dependencies\YamlDotNet\Unity.VisualScripting.YamlDotNet.dll
Symbol file LoadedFromMemory doesn't match image C:\Игра\gamedev\MySecondProject\Library\PackageCache\com.unity.visualscripting@1.8.0\Editor\VisualScripting.Core\Dependencies\DotNetZip\Unity.VisualScripting.IonicZip.dll
Native extension for WindowsStandalone target not found
Refreshing native plugins compatible for Editor in 1.01 ms, found 8 plugins.
Preloading 0 native plugins for Editor in 0.00 ms.
Mono: successfully reloaded assembly
- Completed reload, in  1.151 seconds
Domain Reload Profiling:
	ReloadAssembly (1151ms)
		BeginReloadAssembly (162ms)
			ExecutionOrderSort (0ms)
			DisableScriptedObjects (6ms)
			BackupInstance (0ms)
			ReleaseScriptingObjects (0ms)
			CreateAndSetChildDomain (42ms)
		EndReloadAssembly (885ms)
			LoadAssemblies (118ms)
			RebuildTransferFunctionScriptingTraits (0ms)
			SetupTypeCache (260ms)
			ReleaseScriptCaches (2ms)
			RebuildScriptCaches (80ms)
			SetupLoadedEditorAssemblies (369ms)
				LogAssemblyErrors (0ms)
				InitializePlatformSupportModulesInManaged (6ms)
				SetLoadedEditorAssemblies (0ms)
				RefreshPlugins (1ms)
				BeforeProcessingInitializeOnLoad (87ms)
				ProcessInitializeOnLoadAttributes (225ms)
				ProcessInitializeOnLoadMethodAttributes (40ms)
				AfterProcessingInitializeOnLoad (9ms)
				EditorAssembliesLoaded (0ms)
			ExecutionOrderSort2 (0ms)
			AwakeInstancesAfterBackupRestoration (9ms)
Platform modules already initialized, skipping
Refreshing native plugins compatible for Editor in 4.02 ms, found 8 plugins.
Preloading 0 native plugins for Editor in 0.00 ms.
Unloading 4485 Unused Serialized files (Serialized files now loaded: 0)
Unloading 41 unused Assets / (0.8 MB). Loaded Objects now: 4990.
Memory consumption went from 168.6 MB to 167.8 MB.
Total: 4.517300 ms (FindLiveObjects: 0.458900 ms CreateObjectMapping: 0.194200 ms MarkObjects: 3.157500 ms  DeleteObjects: 0.705300 ms)

AssetImportParameters requested are different than current active one (requested -> active):
  custom:video-decoder-ogg-theora: a1e56fd34408186e4bbccfd4996cb3dc -> 
  custom:container-muxer-webm: aa71ff27fc2769a1b78a27578f13a17b -> 
  custom:container-demuxer-webm: 4f35f7cbe854078d1ac9338744f61a02 -> 
  custom:video-encoder-webm-vp8: eb34c28f22e8b96e1ab97ce403110664 -> 
  custom:audio-encoder-webm-vorbis: bf7c407c2cedff20999df2af8eb42d56 -> 
  custom:framework-win-MediaFoundation: 216162199b28c13a410421893ffa2e32 -> 
  custom:container-demuxer-ogg: 62fdf1f143b41e24485cea50d1cbac27 -> 
  custom:video-decoder-webm-vp8: 9c59270c3fd7afecdb556c50c9e8de78 -> 
  custom:audio-decoder-ogg-vorbis: bf7c407c2cedff20999df2af8eb42d56 -> 
========================================================================
Received Import Request.
  Time since last request: 269.511855 seconds.
  path: Assets/Menu textures and scripts/bg-mainM.png
  artifactKey: Guid(8d2f07a38df88d6488282114d6857a9d) Importer(815301076,1909f56bfc062723c751e8b465ee728b)
Start importing Assets/Menu textures and scripts/bg-mainM.png using Guid(8d2f07a38df88d6488282114d6857a9d) Importer(815301076,1909f56bfc062723c751e8b465ee728b)  -> (artifact id: '78105da40214bdd01e2e4c3188e9a2b5') in 0.272913 seconds 
========================================================================
Received Prepare
Registering precompiled user dll's ...
Registered in 0.008165 seconds.
Begin MonoManager ReloadAssembly
Symbol file LoadedFromMemory doesn't match image C:\Игра\gamedev\MySecondProject\Library\PackageCache\com.unity.visualscripting@1.8.0\Editor\VisualScripting.Core\Dependencies\YamlDotNet\Unity.VisualScripting.YamlDotNet.dll
Symbol file LoadedFromMemory doesn't match image C:\Игра\gamedev\MySecondProject\Library\PackageCache\com.unity.visualscripting@1.8.0\Editor\VisualScripting.Core\Dependencies\DotNetZip\Unity.VisualScripting.IonicZip.dll
Native extension for WindowsStandalone target not found
Refreshing native plugins compatible for Editor in 1.79 ms, found 8 plugins.
Preloading 0 native plugins for Editor in 0.00 ms.
Mono: successfully reloaded assembly
- Completed reload, in  1.351 seconds
Domain Reload Profiling:
	ReloadAssembly (1352ms)
		BeginReloadAssembly (211ms)
			ExecutionOrderSort (0ms)
			DisableScriptedObjects (7ms)
			BackupInstance (0ms)
			ReleaseScriptingObjects (0ms)
			CreateAndSetChildDomain (58ms)
		EndReloadAssembly (1015ms)
			LoadAssemblies (158ms)
			RebuildTransferFunctionScriptingTraits (0ms)
			SetupTypeCache (320ms)
			ReleaseScriptCaches (2ms)
			RebuildScriptCaches (66ms)
			SetupLoadedEditorAssemblies (455ms)
				LogAssemblyErrors (0ms)
				InitializePlatformSupportModulesInManaged (8ms)
				SetLoadedEditorAssemblies (1ms)
				RefreshPlugins (2ms)
				BeforeProcessingInitializeOnLoad (108ms)
				ProcessInitializeOnLoadAttributes (285ms)
				ProcessInitializeOnLoadMethodAttributes (41ms)
				AfterProcessingInitializeOnLoad (9ms)
				EditorAssembliesLoaded (0ms)
			ExecutionOrderSort2 (0ms)
			AwakeInstancesAfterBackupRestoration (9ms)
Platform modules already initialized, skipping
Refreshing native plugins compatible for Editor in 5.80 ms, found 8 plugins.
Preloading 0 native plugins for Editor in 0.00 ms.
Unloading 4485 Unused Serialized files (Serialized files now loaded: 0)
Unloading 41 unused Assets / (0.8 MB). Loaded Objects now: 5012.
Memory consumption went from 172.9 MB to 172.2 MB.
Total: 5.863300 ms (FindLiveObjects: 0.827500 ms CreateObjectMapping: 0.358500 ms MarkObjects: 3.659700 ms  DeleteObjects: 1.015100 ms)

AssetImportParameters requested are different than current active one (requested -> active):
  custom:video-decoder-ogg-theora: a1e56fd34408186e4bbccfd4996cb3dc -> 
  custom:container-muxer-webm: aa71ff27fc2769a1b78a27578f13a17b -> 
  custom:container-demuxer-webm: 4f35f7cbe854078d1ac9338744f61a02 -> 
  custom:video-encoder-webm-vp8: eb34c28f22e8b96e1ab97ce403110664 -> 
  custom:audio-encoder-webm-vorbis: bf7c407c2cedff20999df2af8eb42d56 -> 
  custom:framework-win-MediaFoundation: 216162199b28c13a410421893ffa2e32 -> 
  custom:container-demuxer-ogg: 62fdf1f143b41e24485cea50d1cbac27 -> 
  custom:video-decoder-webm-vp8: 9c59270c3fd7afecdb556c50c9e8de78 -> 
  custom:audio-decoder-ogg-vorbis: bf7c407c2cedff20999df2af8eb42d56 -> 
========================================================================
Received Import Request.
  Time since last request: 156.319433 seconds.
  path: Assets/Hero and Opponents
  artifactKey: Guid(b7e1a938dd8f0b94ba67b7629af25ef5) Importer(815301076,1909f56bfc062723c751e8b465ee728b)
Start importing Assets/Hero and Opponents using Guid(b7e1a938dd8f0b94ba67b7629af25ef5) Importer(815301076,1909f56bfc062723c751e8b465ee728b)  -> (artifact id: '0bc479301f7272d22d6514bbb7fec569') in 0.019109 seconds 
========================================================================
Received Import Request.
  Time since last request: 0.713892 seconds.
  path: Assets/Hero and Opponents/Sprites
  artifactKey: Guid(2e64d8f37aea0384a975e1145368d947) Importer(815301076,1909f56bfc062723c751e8b465ee728b)
Start importing Assets/Hero and Opponents/Sprites using Guid(2e64d8f37aea0384a975e1145368d947) Importer(815301076,1909f56bfc062723c751e8b465ee728b)  -> (artifact id: 'bd4a4791e6e3a14726135997c72d906f') in 0.008084 seconds 
========================================================================
Received Import Request.
  Time since last request: 0.601952 seconds.
  path: Assets/Hero and Opponents/Sprites/Enemy2
  artifactKey: Guid(413fb0bb202afac40a8dfa7703779961) Importer(815301076,1909f56bfc062723c751e8b465ee728b)
Start importing Assets/Hero and Opponents/Sprites/Enemy2 using Guid(413fb0bb202afac40a8dfa7703779961) Importer(815301076,1909f56bfc062723c751e8b465ee728b)  -> (artifact id: '097396826f52bd28f6e9d348643bbe84') in 0.010305 seconds 
========================================================================
Received Import Request.
  Time since last request: 0.555632 seconds.
  path: Assets/Hero and Opponents/Sprites/Enemy2/attack-A1.png
  artifactKey: Guid(8703caf37546c2c48b22fb47a3d83e9d) Importer(815301076,1909f56bfc062723c751e8b465ee728b)
Start importing Assets/Hero and Opponents/Sprites/Enemy2/attack-A1.png using Guid(8703caf37546c2c48b22fb47a3d83e9d) Importer(815301076,1909f56bfc062723c751e8b465ee728b)  -> (artifact id: 'a911f4700a26c42ff3070def446a50c8') in 0.096514 seconds 
========================================================================
Received Import Request.
  Time since last request: 0.000052 seconds.
  path: Assets/Hero and Opponents/Sprites/Enemy2/hit-3.png
  artifactKey: Guid(28c607b7284038b4786820beffdc3fe2) Importer(815301076,1909f56bfc062723c751e8b465ee728b)
Start importing Assets/Hero and Opponents/Sprites/Enemy2/hit-3.png using Guid(28c607b7284038b4786820beffdc3fe2) Importer(815301076,1909f56bfc062723c751e8b465ee728b)  -> (artifact id: 'df1563e36b3a18ccc1a7b4a807d70697') in 0.030613 seconds 
========================================================================
Received Import Request.
  Time since last request: 0.000058 seconds.
  path: Assets/Hero and Opponents/Sprites/Enemy2/walk-2.png
  artifactKey: Guid(7ba91eba757962246a6d881445afbfcb) Importer(815301076,1909f56bfc062723c751e8b465ee728b)
Start importing Assets/Hero and Opponents/Sprites/Enemy2/walk-2.png using Guid(7ba91eba757962246a6d881445afbfcb) Importer(815301076,1909f56bfc062723c751e8b465ee728b)  -> (artifact id: 'a032ce4ce82f0270047d536f1044b187') in 0.032557 seconds 
========================================================================
Received Import Request.
  Time since last request: 0.000033 seconds.
  path: Assets/Hero and Opponents/Sprites/Enemy2/dead-3.png
  artifactKey: Guid(583e1a00d40beb146a9d72384ac98adb) Importer(815301076,1909f56bfc062723c751e8b465ee728b)
Start importing Assets/Hero and Opponents/Sprites/Enemy2/dead-3.png using Guid(583e1a00d40beb146a9d72384ac98adb) Importer(815301076,1909f56bfc062723c751e8b465ee728b)  -> (artifact id: '7789b21ccd42d61aee546627b35cf393') in 0.028860 seconds 
========================================================================
Received Import Request.
  Time since last request: 0.000034 seconds.
  path: Assets/Hero and Opponents/Sprites/Enemy2/attack-A5.png
  artifactKey: Guid(f29b449cceb6a7444a37c6cfdd2591da) Importer(815301076,1909f56bfc062723c751e8b465ee728b)
Start importing Assets/Hero and Opponents/Sprites/Enemy2/attack-A5.png using Guid(f29b449cceb6a7444a37c6cfdd2591da) Importer(815301076,1909f56bfc062723c751e8b465ee728b)  -> (artifact id: '3175248ad963d57d8a34c4f4edef01d4') in 0.029481 seconds 
========================================================================
Received Import Request.
  Time since last request: 0.000029 seconds.
  path: Assets/Hero and Opponents/Sprites/Enemy2/idle-2.png
  artifactKey: Guid(4521d5d13324d1f4b839e6dbf5bf44a8) Importer(815301076,1909f56bfc062723c751e8b465ee728b)
Start importing Assets/Hero and Opponents/Sprites/Enemy2/idle-2.png using Guid(4521d5d13324d1f4b839e6dbf5bf44a8) Importer(815301076,1909f56bfc062723c751e8b465ee728b)  -> (artifact id: '8cac50108cf120f12df2444f976b46ee') in 0.028689 seconds 
========================================================================
Received Import Request.
  Time since last request: 0.000044 seconds.
  path: Assets/Hero and Opponents/Sprites/Enemy2/attack-B2.png
  artifactKey: Guid(b6721e85b1e683c4eb89321015edd6a9) Importer(815301076,1909f56bfc062723c751e8b465ee728b)
Start importing Assets/Hero and Opponents/Sprites/Enemy2/attack-B2.png using Guid(b6721e85b1e683c4eb89321015edd6a9) Importer(815301076,1909f56bfc062723c751e8b465ee728b)  -> (artifact id: 'd09e4caebb5cb49da4e4339e3709702a') in 0.029658 seconds 
========================================================================
Received Import Request.
  Time since last request: 0.000030 seconds.
  path: Assets/Hero and Opponents/Sprites/Enemy2/idle-1.png
  artifactKey: Guid(af16cb225967af543b9c764da4690c2e) Importer(815301076,1909f56bfc062723c751e8b465ee728b)
Start importing Assets/Hero and Opponents/Sprites/Enemy2/idle-1.png using Guid(af16cb225967af543b9c764da4690c2e) Importer(815301076,1909f56bfc062723c751e8b465ee728b)  -> (artifact id: 'e66ff3c6054d68b9df65de8930064b7a') in 0.025656 seconds 
========================================================================
Received Import Request.
  Time since last request: 0.000082 seconds.
  path: Assets/Hero and Opponents/Sprites/Enemy2/idle-3.png
  artifactKey: Guid(856d3d74a40940642a0f42b82eb3c8ac) Importer(815301076,1909f56bfc062723c751e8b465ee728b)
Start importing Assets/Hero and Opponents/Sprites/Enemy2/idle-3.png using Guid(856d3d74a40940642a0f42b82eb3c8ac) Importer(815301076,1909f56bfc062723c751e8b465ee728b)  -> (artifact id: '544f63ff681ffd39bae17730d59fed39') in 0.034079 seconds 
========================================================================
Received Import Request.
  Time since last request: 0.000049 seconds.
  path: Assets/Hero and Opponents/Sprites/Enemy2/walk-5.png
  artifactKey: Guid(391dd47d67abb9940a2ab0f96d5cc3ea) Importer(815301076,1909f56bfc062723c751e8b465ee728b)
Start importing Assets/Hero and Opponents/Sprites/Enemy2/walk-5.png using Guid(391dd47d67abb9940a2ab0f96d5cc3ea) Importer(815301076,1909f56bfc062723c751e8b465ee728b)  -> (artifact id: '3e9ab59663abac053361a9785e7e8311') in 0.031021 seconds 
========================================================================
Received Import Request.
  Time since last request: 0.000033 seconds.
  path: Assets/Hero and Opponents/Sprites/Enemy2/attack-A9.png
  artifactKey: Guid(edd97a80a81597f4fb0bbe103ee61ecd) Importer(815301076,1909f56bfc062723c751e8b465ee728b)
Start importing Assets/Hero and Opponents/Sprites/Enemy2/attack-A9.png using Guid(edd97a80a81597f4fb0bbe103ee61ecd) Importer(815301076,1909f56bfc062723c751e8b465ee728b)  -> (artifact id: 'd35d70bbd5f5041791e2c0d4e098c551') in 0.031370 seconds 
========================================================================
Received Import Request.
  Time since last request: 0.000029 seconds.
  path: Assets/Hero and Opponents/Sprites/Enemy2/attack-B4.png
  artifactKey: Guid(3f7ba9abb1f652a47a5aa20ac87d9475) Importer(815301076,1909f56bfc062723c751e8b465ee728b)
Start importing Assets/Hero and Opponents/Sprites/Enemy2/attack-B4.png using Guid(3f7ba9abb1f652a47a5aa20ac87d9475) Importer(815301076,1909f56bfc062723c751e8b465ee728b)  -> (artifact id: '7740c91e830da1678f27450cafb47a18') in 0.030576 seconds 
========================================================================
Received Import Request.
  Time since last request: 0.000028 seconds.
  path: Assets/Hero and Opponents/Sprites/Enemy2/dead-4.png
  artifactKey: Guid(cc4a18e1e2f55e7479dade304adc85cb) Importer(815301076,1909f56bfc062723c751e8b465ee728b)
Start importing Assets/Hero and Opponents/Sprites/Enemy2/dead-4.png using Guid(cc4a18e1e2f55e7479dade304adc85cb) Importer(815301076,1909f56bfc062723c751e8b465ee728b)  -> (artifact id: '538483bf23a00c7d09195bef80c6454f') in 0.029860 seconds 
========================================================================
Received Import Request.
  Time since last request: 0.000043 seconds.
  path: Assets/Hero and Opponents/Sprites/Enemy2/attack-A7.png
  artifactKey: Guid(d4d2ae92f2638cf4f91b1cc49bdc0b27) Importer(815301076,1909f56bfc062723c751e8b465ee728b)
Start importing Assets/Hero and Opponents/Sprites/Enemy2/attack-A7.png using Guid(d4d2ae92f2638cf4f91b1cc49bdc0b27) Importer(815301076,1909f56bfc062723c751e8b465ee728b)  -> (artifact id: 'b8145542a56c0cf0b13915e43d2c0c0e') in 0.031549 seconds 
========================================================================
Received Import Request.
  Time since last request: 0.000028 seconds.
  path: Assets/Hero and Opponents/Sprites/Enemy2/attack-A10.png
  artifactKey: Guid(cc36c6fa15513914c9052f6b8bce3c4e) Importer(815301076,1909f56bfc062723c751e8b465ee728b)
Start importing Assets/Hero and Opponents/Sprites/Enemy2/attack-A10.png using Guid(cc36c6fa15513914c9052f6b8bce3c4e) Importer(815301076,1909f56bfc062723c751e8b465ee728b)  -> (artifact id: 'ad257355b7b8be2183d13046bd436b14') in 0.034591 seconds 
========================================================================
Received Import Request.
  Time since last request: 0.000046 seconds.
  path: Assets/Hero and Opponents/Sprites/Enemy2/attack-B5.png
  artifactKey: Guid(fe208b5354636174eb44c6e90d8b07fe) Importer(815301076,1909f56bfc062723c751e8b465ee728b)
Start importing Assets/Hero and Opponents/Sprites/Enemy2/attack-B5.png using Guid(fe208b5354636174eb44c6e90d8b07fe) Importer(815301076,1909f56bfc062723c751e8b465ee728b)  -> (artifact id: 'd63e1791f695d849e92efbb50a0a09c7') in 0.037501 seconds 
========================================================================
Received Import Request.
  Time since last request: 0.000057 seconds.
  path: Assets/Hero and Opponents/Sprites/Enemy2/shield-block-1.png
  artifactKey: Guid(3757da37e36931447b84ca852c015afd) Importer(815301076,1909f56bfc062723c751e8b465ee728b)
Start importing Assets/Hero and Opponents/Sprites/Enemy2/shield-block-1.png using Guid(3757da37e36931447b84ca852c015afd) Importer(815301076,1909f56bfc062723c751e8b465ee728b)  -> (artifact id: '01bb0e71caf1228ad900a101b8170ac6') in 0.033556 seconds 
========================================================================
Received Import Request.
  Time since last request: 0.000034 seconds.
  path: Assets/Hero and Opponents/Sprites/Enemy2/jump-3.png
  artifactKey: Guid(cb105fc34bff67146be09b680d162557) Importer(815301076,1909f56bfc062723c751e8b465ee728b)
Start importing Assets/Hero and Opponents/Sprites/Enemy2/jump-3.png using Guid(cb105fc34bff67146be09b680d162557) Importer(815301076,1909f56bfc062723c751e8b465ee728b)  -> (artifact id: '66ff4332826c581e85eaa6998d5d9c24') in 0.034211 seconds 
========================================================================
Received Import Request.
  Time since last request: 0.000034 seconds.
  path: Assets/Hero and Opponents/Sprites/Enemy2/attack-A4.png
  artifactKey: Guid(4ca63e093201493469a8044bc3eb0e36) Importer(815301076,1909f56bfc062723c751e8b465ee728b)
Start importing Assets/Hero and Opponents/Sprites/Enemy2/attack-A4.png using Guid(4ca63e093201493469a8044bc3eb0e36) Importer(815301076,1909f56bfc062723c751e8b465ee728b)  -> (artifact id: '5cbedd564af76481acc124407407c393') in 0.030377 seconds 
========================================================================
Received Import Request.
  Time since last request: 0.000040 seconds.
  path: Assets/Hero and Opponents/Sprites/Enemy2/attack-B6.png
  artifactKey: Guid(83af3cf63aa38ea4bac1f82e54d99d36) Importer(815301076,1909f56bfc062723c751e8b465ee728b)
Start importing Assets/Hero and Opponents/Sprites/Enemy2/attack-B6.png using Guid(83af3cf63aa38ea4bac1f82e54d99d36) Importer(815301076,1909f56bfc062723c751e8b465ee728b)  -> (artifact id: 'c22070e78e345b166bc57d5ff3f4cfc0') in 0.031099 seconds 
========================================================================
Received Import Request.
  Time since last request: 0.000032 seconds.
  path: Assets/Hero and Opponents/Sprites/Enemy2/dead-1.png
  artifactKey: Guid(9369f7ee9a010de419a19066d7a86ec8) Importer(815301076,1909f56bfc062723c751e8b465ee728b)
Start importing Assets/Hero and Opponents/Sprites/Enemy2/dead-1.png using Guid(9369f7ee9a010de419a19066d7a86ec8) Importer(815301076,1909f56bfc062723c751e8b465ee728b)  -> (artifact id: '9a16849960619062a929648fe62f61c7') in 0.031689 seconds 
========================================================================
Received Import Request.
  Time since last request: 0.000080 seconds.
  path: Assets/Hero and Opponents/Sprites/Enemy2/idle-4.png
  artifactKey: Guid(12e8bfa74f09e594c912c50916363f4e) Importer(815301076,1909f56bfc062723c751e8b465ee728b)
Start importing Assets/Hero and Opponents/Sprites/Enemy2/idle-4.png using Guid(12e8bfa74f09e594c912c50916363f4e) Importer(815301076,1909f56bfc062723c751e8b465ee728b)  -> (artifact id: 'bfea0e68d6a03af204242a95bda1c432') in 0.029830 seconds 
========================================================================
Received Import Request.
  Time since last request: 0.000044 seconds.
  path: Assets/Hero and Opponents/Sprites/Enemy2/attack-A8.png
  artifactKey: Guid(1f6a8ee66fc2b2f4eb8beaf25dd3a841) Importer(815301076,1909f56bfc062723c751e8b465ee728b)
Start importing Assets/Hero and Opponents/Sprites/Enemy2/attack-A8.png using Guid(1f6a8ee66fc2b2f4eb8beaf25dd3a841) Importer(815301076,1909f56bfc062723c751e8b465ee728b)  -> (artifact id: 'e291d4bfacd90effa4e061b9b759ba78') in 0.029513 seconds 
========================================================================
Received Import Request.
  Time since last request: 4.031549 seconds.
  path: Assets/Hero Knight - Pixel Art/ColorSwap/ColorSwap.mat
  artifactKey: Guid(b58354c186d9bde42ad2a4ab0545dde9) Importer(815301076,1909f56bfc062723c751e8b465ee728b)
Start importing Assets/Hero Knight - Pixel Art/ColorSwap/ColorSwap.mat using Guid(b58354c186d9bde42ad2a4ab0545dde9) Importer(815301076,1909f56bfc062723c751e8b465ee728b)  -> (artifact id: '81e3d71fa9d7d441b7a33b43dc3db830') in 0.118383 seconds 
========================================================================
Received Import Request.
  Time since last request: 1.691380 seconds.
  path: Assets/Hero Knight - Pixel Art/Environment/EnvironmentPalette_HeroKnight.prefab
  artifactKey: Guid(d0a86346e04015245ae6126e465b87c0) Importer(815301076,1909f56bfc062723c751e8b465ee728b)
Start importing Assets/Hero Knight - Pixel Art/Environment/EnvironmentPalette_HeroKnight.prefab using Guid(d0a86346e04015245ae6126e465b87c0) Importer(815301076,1909f56bfc062723c751e8b465ee728b)  -> (artifact id: 'c29dfde37c07d3e2240d1f8a2d5dc52b') in 0.056526 seconds 
========================================================================
Received Import Request.
  Time since last request: 0.000107 seconds.
  path: Assets/Hero Knight - Pixel Art/Environment/EnvironmentTiles_3.asset
  artifactKey: Guid(50037ea5bf884e3438442ce9d2f0df1c) Importer(815301076,1909f56bfc062723c751e8b465ee728b)
Start importing Assets/Hero Knight - Pixel Art/Environment/EnvironmentTiles_3.asset using Guid(50037ea5bf884e3438442ce9d2f0df1c) Importer(815301076,1909f56bfc062723c751e8b465ee728b)  -> (artifact id: 'ae7e4183c3e61e1d7a4936240e9debe2') in 0.026347 seconds 
========================================================================
Received Import Request.
  Time since last request: 1.674406 seconds.
  path: Assets/Hero Knight - Pixel Art/Sprites/EnvironmentTiles.png
  artifactKey: Guid(f094595c900579d4c85a02612d8fa36c) Importer(815301076,1909f56bfc062723c751e8b465ee728b)
Start importing Assets/Hero Knight - Pixel Art/Sprites/EnvironmentTiles.png using Guid(f094595c900579d4c85a02612d8fa36c) Importer(815301076,1909f56bfc062723c751e8b465ee728b)  -> (artifact id: 'a7f7037136cd9916243c05831835d9c9') in 0.039735 seconds 
========================================================================
Received Import Request.
  Time since last request: 0.000066 seconds.
  path: Assets/Hero Knight - Pixel Art/Sprites/SlideDust.png
  artifactKey: Guid(7fb51a422c4a36e40b71b06331a74b11) Importer(815301076,1909f56bfc062723c751e8b465ee728b)
Start importing Assets/Hero Knight - Pixel Art/Sprites/SlideDust.png using Guid(7fb51a422c4a36e40b71b06331a74b11) Importer(815301076,1909f56bfc062723c751e8b465ee728b)  -> (artifact id: 'be5bd4535c15388fe93280fa8d3babf6') in 0.037782 seconds 
Editor requested this worker to shutdown with reason: Scaling down because of idle timeout
AssetImportWorker is now disconnected from the server
Process exiting
Exiting without the bug reporter. Application will terminate with return code 0